<?xml version="1.0" encoding="utf-8" standalone="no"?>
<!--This file represents the results of running a test suite-->
<test-results name="C:\DataLayer\bcs_datalayer\BCSDataLayer.Test\BCSDataLayer.Test.csproj" total="1" errors="0" failures="0" not-run="0" inconclusive="0" ignored="0" skipped="0" invalid="0" date="2012-08-24" time="13:40:32">
  <environment nunit-version="2.5.8.10295" clr-version="4.0.30319.269" os-version="Microsoft Windows NT 6.1.7601 Service Pack 1" platform="Win32NT" cwd="C:\DataLayer\bcs_datalayer\NUnit.Runner\bin\Debug" machine-name="NDHD203466" user="gdhamija" user-domain="IEAMS" />
  <culture-info current-culture="en-US" current-uiculture="en-US" />
  <test-suite type="Project" name="C:\DataLayer\bcs_datalayer\BCSDataLayer.Test\BCSDataLayer.Test.csproj" executed="True" result="Success" success="True" time="0.749" asserts="0">
    <results>
      <test-suite type="Assembly" name="C:\DataLayer\bcs_datalayer\BCSDataLayer.Test\bin\Debug\BCSDataLayer.Test.dll" executed="True" result="Success" success="True" time="0.746" asserts="0">
        <results>
          <test-suite type="Namespace" name="BCSDataLayer" executed="True" result="Success" success="True" time="0.745" asserts="0">
            <results>
              <test-suite type="Namespace" name="Test" executed="True" result="Success" success="True" time="0.742" asserts="0">
                <results>
                  <test-suite type="TestFixture" name="Tests" executed="True" result="Success" success="True" time="0.737" asserts="0">
                    <results>
                      <test-case name="BCSDataLayer.Test.Tests.RunTest" executed="True" result="Success" success="True" time="0.387" asserts="4" />
                    </results>
                  </test-suite>
                </results>
              </test-suite>
            </results>
          </test-suite>
        </results>
      </test-suite>
    </results>
  </test-suite>
</test-results>