<?xml version="1.0" encoding="utf-8" standalone="no"?>
<!--This file represents the results of running a test suite-->
<test-results name="C:\Users\bkumar2\Documents\GitHub\rest_dl\RestDataLayer\RestDataLayer.Test\RestDataLayer.Test.csproj" total="8" errors="0" failures="0" not-run="0" inconclusive="0" ignored="0" skipped="0" invalid="0" date="2012-12-17" time="18:23:34">
  <environment nunit-version="2.5.8.10295" clr-version="4.0.30319.296" os-version="Microsoft Windows NT 6.1.7601 Service Pack 1" platform="Win32NT" cwd="C:\Users\bkumar2\Documents\GitHub\rest_dl\RestDataLayer\NUnit.Runner\bin\Debug" machine-name="NDHD203655" user="bkumar2" user-domain="IEAMS" />
  <culture-info current-culture="en-US" current-uiculture="en-US" />
  <test-suite type="Project" name="C:\Users\bkumar2\Documents\GitHub\rest_dl\RestDataLayer\RestDataLayer.Test\RestDataLayer.Test.csproj" executed="True" result="Success" success="True" time="16.965" asserts="0">
    <results>
      <test-suite type="Assembly" name="C:\Users\bkumar2\Documents\GitHub\rest_dl\RestDataLayer\RestDataLayer.Test\bin\Debug\RestDataLayer.Test.dll" executed="True" result="Success" success="True" time="16.853" asserts="0">
        <results>
          <test-suite type="Namespace" name="RestDataLayer" executed="True" result="Success" success="True" time="16.851" asserts="0">
            <results>
              <test-suite type="Namespace" name="Test" executed="True" result="Success" success="True" time="16.849" asserts="0">
                <results>
                  <test-suite type="TestFixture" name="Tests" executed="True" result="Success" success="True" time="16.849" asserts="0">
                    <results>
                      <test-case name="RestDataLayer.Test.Tests.Test_Dictionary_Creation" executed="True" result="Success" success="True" time="0.009" asserts="1" />
                      <test-case name="RestDataLayer.Test.Tests.Test_Get_With_Filter" executed="True" result="Success" success="True" time="2.929" asserts="1" />
                      <test-case name="RestDataLayer.Test.Tests.Test_GetCount" executed="True" result="Success" success="True" time="0.005" asserts="1" />
                      <test-case name="RestDataLayer.Test.Tests.Test_GetDataTable" executed="True" result="Success" success="True" time="0.038" asserts="1" />
                      <test-case name="RestDataLayer.Test.Tests.TestCreate" executed="True" result="Success" success="True" time="0.017" asserts="1" />
                      <test-case name="RestDataLayer.Test.Tests.TestGetWithIdentifiers" executed="True" result="Success" success="True" time="0.007" asserts="1" />
                      <test-case name="RestDataLayer.Test.Tests.TestPostWithAddAndDeleteByIdentifier" executed="True" result="Success" success="True" time="0.803" asserts="2" />
                      <test-case name="RestDataLayer.Test.Tests.TestPostWithUpdate" executed="True" result="Success" success="True" time="0.038" asserts="1" />
                    </results>
                  </test-suite>
                </results>
              </test-suite>
            </results>
          </test-suite>
        </results>
      </test-suite>
    </results>
  </test-suite>
</test-results>