<?xml version="1.0" encoding="utf-8" standalone="no"?>
<!--This file represents the results of running a test suite-->
<test-results name="C:\Users\bkumar2\Documents\Visual Studio 2010\Projects\RestDataLayer\RestDataLayer.Test\RestDataLayer.Test.csproj" total="1" errors="0" failures="0" not-run="0" inconclusive="0" ignored="0" skipped="0" invalid="0" date="2012-10-23" time="19:30:16">
  <environment nunit-version="2.5.8.10295" clr-version="4.0.30319.269" os-version="Microsoft Windows NT 6.1.7601 Service Pack 1" platform="Win32NT" cwd="C:\Users\bkumar2\Documents\Visual Studio 2010\Projects\RestDataLayer\NUnit.Runner\bin\Debug" machine-name="NDHD203655" user="bkumar2" user-domain="IEAMS" />
  <culture-info current-culture="en-US" current-uiculture="en-US" />
  <test-suite type="Project" name="C:\Users\bkumar2\Documents\Visual Studio 2010\Projects\RestDataLayer\RestDataLayer.Test\RestDataLayer.Test.csproj" executed="True" result="Success" success="True" time="10.966" asserts="0">
    <results>
      <test-suite type="Assembly" name="C:\Users\bkumar2\Documents\Visual Studio 2010\Projects\RestDataLayer\RestDataLayer.Test\bin\Debug\RestDataLayer.Test.dll" executed="True" result="Success" success="True" time="10.964" asserts="0">
        <results>
          <test-suite type="Namespace" name="RestDataLayer" executed="True" result="Success" success="True" time="10.963" asserts="0">
            <results>
              <test-suite type="Namespace" name="Test" executed="True" result="Success" success="True" time="10.961" asserts="0">
                <results>
                  <test-suite type="TestFixture" name="Tests" executed="True" result="Success" success="True" time="10.953" asserts="0">
                    <results>
                      <test-case name="RestDataLayer.Test.Tests.Dictionary_Create_Test" executed="True" result="Success" success="True" time="10.801" asserts="1" />
                    </results>
                  </test-suite>
                </results>
              </test-suite>
            </results>
          </test-suite>
        </results>
      </test-suite>
    </results>
  </test-suite>
</test-results>